---------------------------------------------------
DATE    : 2026-02-13 23:29:54
DE      : no-reply@ecoride.com
À       : employe@test.com
SUJET   : EcoRide - Trajet terminé ! Validez votre expérience
LIEN    : http://localhost/EcoRide/public?page=review&id=1
MESSAGE :
Bonjour EmployeTest,

Le trajet Paris -> Lyon est terminé.
Pour débloquer les crédits du conducteur et laisser un avis, rendez-vous sur votre espace :
http://localhost/EcoRide/public?page=review&id=1

L'équipe EcoRide.
---------------------------------------------------

---------------------------------------------------
DATE    : 2026-02-13 23:58:26
DE      : no-reply@ecoride.com
À       : employe@test.com
SUJET   : EcoRide - Trajet terminé ! Validez votre expérience
LIEN    : http://localhost/EcoRide/public?page=review&id=2
MESSAGE :
Bonjour EmployeTest,

Le trajet Lyon -> Marseille est terminé.
Pour débloquer les crédits du conducteur et laisser un avis, rendez-vous sur votre espace :
http://localhost/EcoRide/public?page=review&id=2

L'équipe EcoRide.
---------------------------------------------------

